# Logfile created on Thu Apr 05 16:42:44 +0400 2012 by logger.rb/22285
I, [2012-04-05T16:42:44.354685 #31326]  INFO -- : Queue is empty
I, [2012-04-05T16:42:44.354844 #31326]  INFO -- : Waiting 60 seconds
I, [2012-04-05T16:42:44.638720 #31326]  INFO -- : recieving from localhost:60073
I, [2012-04-05T16:43:44.371479 #31326]  INFO -- : Queue is empty
I, [2012-04-05T16:43:44.371652 #31326]  INFO -- : Waiting 60 seconds
I, [2012-04-05T16:44:42.584422 #31549]  INFO -- : Queue is empty
I, [2012-04-05T16:44:42.584649 #31549]  INFO -- : Waiting 60 seconds
I, [2012-04-05T16:44:42.881971 #31549]  INFO -- : Recieving from localhost:60109
I, [2012-04-05T16:46:31.832587 #31607]  INFO -- : Queue is empty
I, [2012-04-05T16:46:31.832874 #31607]  INFO -- : Waiting 60 seconds
I, [2012-04-05T16:46:36.308866 #31607]  INFO -- : Recieving from localhost:60146
I, [2012-04-05T16:47:31.863443 #31607]  INFO -- : Queue is empty
I, [2012-04-05T16:47:31.863618 #31607]  INFO -- : Waiting 60 seconds
I, [2012-04-05T16:48:43.511298 #31676]  INFO -- : Queue is empty
I, [2012-04-05T16:48:43.511518 #31676]  INFO -- : Waiting 60 seconds
I, [2012-04-05T16:48:43.810449 #31676]  INFO -- : Recieving from localhost:60184
I, [2012-04-05T16:49:43.512020 #31676]  INFO -- : Queue is empty
I, [2012-04-05T16:49:43.512203 #31676]  INFO -- : Waiting 60 seconds
I, [2012-04-05T16:50:43.550815 #31676]  INFO -- : Queue is empty
I, [2012-04-05T16:50:43.551008 #31676]  INFO -- : Waiting 60 seconds
